<?xml version="1.0" encoding="UTF-8"?>
<testng-results ignored="0" total="1" passed="1" failed="0" skipped="0">
  <reporter-output>
  </reporter-output>
  <suite started-at="2023-09-30T04:41:49Z" name="Default suite" finished-at="2023-09-30T04:42:24Z" duration-ms="35037">
    <groups>
    </groups>
    <test started-at="2023-09-30T04:41:49Z" name="Default test" finished-at="2023-09-30T04:42:24Z" duration-ms="35037">
      <class name="session5testng.EdgeAndChrome">
        <test-method is-config="true" signature="init()[pri:0, instance:session5testng.EdgeAndChrome@436c81a3]" started-at="2023-09-30T04:41:49Z" name="init" finished-at="2023-09-30T04:41:59Z" duration-ms="9908" status="PASS">
          <reporter-output>
          </reporter-output>
        </test-method> <!-- init -->
        <test-method signature="LoginTestNG()[pri:0, instance:session5testng.EdgeAndChrome@436c81a3]" started-at="2023-09-30T04:41:59Z" name="LoginTestNG" finished-at="2023-09-30T04:42:21Z" duration-ms="21811" status="PASS">
          <reporter-output>
          </reporter-output>
        </test-method> <!-- LoginTestNG -->
        <test-method is-config="true" signature="tearDown()[pri:0, instance:session5testng.EdgeAndChrome@436c81a3]" started-at="2023-09-30T04:42:21Z" name="tearDown" finished-at="2023-09-30T04:42:24Z" duration-ms="3307" status="PASS">
          <reporter-output>
          </reporter-output>
        </test-method> <!-- tearDown -->
      </class> <!-- session5testng.EdgeAndChrome -->
    </test> <!-- Default test -->
  </suite> <!-- Default suite -->
</testng-results>
