<?xml version="1.0" encoding="UTF-8"?>
<testng-results ignored="0" total="1" passed="1" failed="0" skipped="0">
  <reporter-output>
  </reporter-output>
  <suite started-at="2023-09-24T13:34:57 CDT" name="Default suite" finished-at="2023-09-24T13:35:04 CDT" duration-ms="7379">
    <groups>
    </groups>
    <test started-at="2023-09-24T13:34:57 CDT" name="Default test" finished-at="2023-09-24T13:35:04 CDT" duration-ms="7379">
      <class name="variousconcepts.LoginTest">
        <test-method is-config="true" signature="init()[pri:0, instance:variousconcepts.LoginTest@3f6f6701]" started-at="2023-09-24T13:34:57 CDT" name="init" finished-at="2023-09-24T13:35:00 CDT" duration-ms="3247" status="PASS">
          <reporter-output>
          </reporter-output>
        </test-method> <!-- init -->
        <test-method signature="LoginTestNG()[pri:0, instance:variousconcepts.LoginTest@3f6f6701]" started-at="2023-09-24T13:35:00 CDT" name="LoginTestNG" finished-at="2023-09-24T13:35:01 CDT" duration-ms="928" status="PASS">
          <reporter-output>
          </reporter-output>
        </test-method> <!-- LoginTestNG -->
        <test-method is-config="true" signature="tearDown()[pri:0, instance:variousconcepts.LoginTest@3f6f6701]" started-at="2023-09-24T13:35:01 CDT" name="tearDown" finished-at="2023-09-24T13:35:04 CDT" duration-ms="3166" status="PASS">
          <reporter-output>
          </reporter-output>
        </test-method> <!-- tearDown -->
      </class> <!-- variousconcepts.LoginTest -->
    </test> <!-- Default test -->
  </suite> <!-- Default suite -->
</testng-results>
