<?xml version="1.0" encoding="UTF-8"?>
<!-- Generated by org.testng.reporters.JUnitXMLReporter -->
<testsuite hostname="Shihab" name="test" tests="4" failures="0" timestamp="18 Aug 2023 21:31:57 GMT" time="35.818" errors="0">
  <testcase name="regression" time="0.002" classname="test.LoginTest"/>
  <testcase name="validUserShouldBeAbleToLogin" time="4.757" classname="test.LoginTest"/>
  <testcase name="userShouldBeAbleToAddCustomer" time="12.079" classname="test.AddCustomerTest"/>
  <testcase name="userShouldBeAbleToAddCustomerFromListCustmer" time="18.95" classname="test.ListCustomerTest"/>
</testsuite> <!-- test -->
