<?xml version="1.0" encoding="UTF-8"?>
<testng-results ignored="0" total="2" passed="2" failed="0" skipped="0">
  <reporter-output>
  </reporter-output>
  <suite started-at="2023-12-14T21:14:30 CST" name="Default suite" finished-at="2023-12-14T21:14:35 CST" duration-ms="4590">
    <groups>
    </groups>
    <test started-at="2023-12-14T21:14:30 CST" name="Default test" finished-at="2023-12-14T21:14:35 CST" duration-ms="4590">
      <class name="testcases.AuthenticationApi">
        <test-method signature="authenticationApi()[pri:1, instance:testcases.AuthenticationApi@58d75e99]" started-at="2023-12-14T21:14:30 CST" name="authenticationApi" finished-at="2023-12-14T21:14:34 CST" duration-ms="3368" status="PASS">
          <reporter-output>
          </reporter-output>
        </test-method> <!-- authenticationApi -->
        <test-method signature="readAll()[pri:2, instance:testcases.AuthenticationApi@58d75e99]" started-at="2023-12-14T21:14:34 CST" name="readAll" finished-at="2023-12-14T21:14:35 CST" duration-ms="1175" status="PASS">
          <reporter-output>
          </reporter-output>
        </test-method> <!-- readAll -->
      </class> <!-- testcases.AuthenticationApi -->
    </test> <!-- Default test -->
  </suite> <!-- Default suite -->
</testng-results>
