<?xml version="1.0" encoding="UTF-8"?>
<testng-results ignored="0" total="1" passed="1" failed="0" skipped="0">
  <reporter-output>
  </reporter-output>
  <suite started-at="2023-10-08T18:59:46Z" name="Default suite" finished-at="2023-10-08T18:59:58Z" duration-ms="11624">
    <groups>
    </groups>
    <test started-at="2023-10-08T18:59:46Z" name="Default test" finished-at="2023-10-08T18:59:58Z" duration-ms="11624">
      <class name="test.AddCustomerTest">
        <test-method signature="userShouldBeAbleToAddCustomer()[pri:0, instance:test.AddCustomerTest@45a4b042]" started-at="2023-10-08T18:59:46Z" name="userShouldBeAbleToAddCustomer" finished-at="2023-10-08T18:59:58Z" duration-ms="11586" status="PASS">
          <reporter-output>
          </reporter-output>
        </test-method> <!-- userShouldBeAbleToAddCustomer -->
      </class> <!-- test.AddCustomerTest -->
    </test> <!-- Default test -->
  </suite> <!-- Default suite -->
</testng-results>
