<?xml version="1.0" encoding="UTF-8"?>
<testng-results ignored="0" total="1" passed="1" failed="0" skipped="0">
  <reporter-output>
  </reporter-output>
  <suite started-at="2023-09-29T23:33:49 CDT" name="Default suite" finished-at="2023-09-29T23:33:56 CDT" duration-ms="6801">
    <groups>
    </groups>
    <test started-at="2023-09-29T23:33:49 CDT" name="Default test" finished-at="2023-09-29T23:33:56 CDT" duration-ms="6801">
      <class name="variousConcepts.edgeAndChrome">
        <test-method signature="init()[pri:0, instance:variousConcepts.edgeAndChrome@957e06]" started-at="2023-09-29T23:33:49 CDT" name="init" finished-at="2023-09-29T23:33:56 CDT" duration-ms="6757" status="PASS">
          <reporter-output>
          </reporter-output>
        </test-method> <!-- init -->
      </class> <!-- variousConcepts.edgeAndChrome -->
    </test> <!-- Default test -->
  </suite> <!-- Default suite -->
</testng-results>
